{"timestamp": "2026-04-14 14:15:40", "data_input": {"duration": 608, "src_bytes": 3388, "dst_bytes": 1506, "count": 5}, "result": "NORMAL"}
{"timestamp": "2026-04-14 14:15:41", "data_input": {"duration": 665, "src_bytes": 3570, "dst_bytes": 319, "count": 79}, "result": "NORMAL"}
{"timestamp": "2026-04-14 14:15:42", "data_input": {"duration": 143, "src_bytes": 211, "dst_bytes": 2224, "count": 80}, "result": "NORMAL"}
{"timestamp": "2026-04-14 14:15:42", "data_input": {"duration": 243, "src_bytes": 4264, "dst_bytes": 1930, "count": 37}, "result": "NORMAL"}
{"timestamp": "2026-04-14 14:15:43", "data_input": {"duration": 555, "src_bytes": 767, "dst_bytes": 139, "count": 45}, "result": "NORMAL"}
{"timestamp": "2026-04-14 14:15:43", "data_input": {"duration": 909, "src_bytes": 1745, "dst_bytes": 2365, "count": 37}, "result": "NORMAL"}
{"timestamp": "2026-04-14 14:15:44", "data_input": {"duration": 754, "src_bytes": 1423, "dst_bytes": 2196, "count": 40}, "result": "NORMAL"}
{"timestamp": "2026-04-14 14:15:44", "data_input": {"duration": 207, "src_bytes": 3025, "dst_bytes": 362, "count": 68}, "result": "NORMAL"}
{"timestamp": "2026-04-14 14:15:45", "data_input": {"duration": 966, "src_bytes": 779, "dst_bytes": 423, "count": 76}, "result": "NORMAL"}
{"timestamp": "2026-04-14 14:15:45", "data_input": {"duration": 934, "src_bytes": 4872, "dst_bytes": 2164, "count": 6}, "result": "NORMAL"}
{"timestamp": "2026-04-14 14:15:46", "data_input": {"duration": 873, "src_bytes": 573, "dst_bytes": 2500, "count": 63}, "result": "NORMAL"}
{"timestamp": "2026-04-14 14:15:46", "data_input": {"duration": 611, "src_bytes": 2297, "dst_bytes": 234, "count": 81}, "result": "NORMAL"}
{"timestamp": "2026-04-14 14:15:47", "data_input": {"duration": 491, "src_bytes": 4807, "dst_bytes": 1713, "count": 3}, "result": "NORMAL"}
{"timestamp": "2026-04-14 14:15:47", "data_input": {"duration": 263, "src_bytes": 1722, "dst_bytes": 1470, "count": 41}, "result": "NORMAL"}
{"timestamp": "2026-04-14 14:15:48", "data_input": {"duration": 507, "src_bytes": 1001, "dst_bytes": 2439, "count": 88}, "result": "NORMAL"}
{"timestamp": "2026-04-14 14:15:48", "data_input": {"duration": 747, "src_bytes": 633, "dst_bytes": 1551, "count": 58}, "result": "NORMAL"}
{"timestamp": "2026-04-14 14:15:49", "data_input": {"duration": 665, "src_bytes": 2760, "dst_bytes": 678, "count": 32}, "result": "NORMAL"}
{"timestamp": "2026-04-14 14:15:49", "data_input": {"duration": 883, "src_bytes": 3811, "dst_bytes": 2005, "count": 18}, "result": "NORMAL"}
{"timestamp": "2026-04-14 14:15:50", "data_input": {"duration": 237, "src_bytes": 1689, "dst_bytes": 2136, "count": 89}, "result": "NORMAL"}
{"timestamp": "2026-04-14 14:15:50", "data_input": {"duration": 993, "src_bytes": 2715, "dst_bytes": 2282, "count": 1}, "result": "NORMAL"}
{"timestamp": "2026-04-14 14:16:18", "data_input": {"duration": 2, "src_bytes": 150, "dst_bytes": 300, "count": 2, "serror_rate": 0.34}, "result": "NORMAL"}
{"timestamp": "2026-04-14 14:16:44", "data_input": {"duration": 9, "src_bytes": 500, "dst_bytes": 900, "count": 4, "serror_rate": 0.57}, "result": "NORMAL"}
{"timestamp": "2026-04-14 14:36:57", "data_input": {"duration": 0.0, "protocol_type": 1, "service": 3, "src_bytes": 491.0, "dst_bytes": 0.0, "count": 2.0, "srv_count": 2.0, "serror_rate": 0.0, "srv_serror_rate": 0.0, "same_srv_rate": 1.0}, "result": "NORMAL"}
{"timestamp": "2026-04-14 14:36:57", "data_input": {"duration": 0.0, "protocol_type": 2, "service": 0, "src_bytes": 146.0, "dst_bytes": 0.0, "count": 13.0, "srv_count": 1.0, "serror_rate": 0.0, "srv_serror_rate": 0.0, "same_srv_rate": 0.08}, "result": "NORMAL"}
{"timestamp": "2026-04-14 14:36:57", "data_input": {"duration": 0.0, "protocol_type": 1, "service": 2, "src_bytes": 0.0, "dst_bytes": 0.0, "count": 123.0, "srv_count": 6.0, "serror_rate": 1.0, "srv_serror_rate": 1.0, "same_srv_rate": 0.05}, "result": "ATTACK"}
{"timestamp": "2026-04-14 14:36:57", "data_input": {"duration": 0.0, "protocol_type": 1, "service": 1, "src_bytes": 232.0, "dst_bytes": 8153.0, "count": 5.0, "srv_count": 5.0, "serror_rate": 0.2, "srv_serror_rate": 0.2, "same_srv_rate": 1.0}, "result": "NORMAL"}
{"timestamp": "2026-04-14 14:36:57", "data_input": {"duration": 0.0, "protocol_type": 1, "service": 1, "src_bytes": 199.0, "dst_bytes": 420.0, "count": 30.0, "srv_count": 32.0, "serror_rate": 0.0, "srv_serror_rate": 0.0, "same_srv_rate": 1.0}, "result": "NORMAL"}
{"timestamp": "2026-04-14 14:36:57", "data_input": {"duration": 0.0, "protocol_type": 1, "service": 2, "src_bytes": 0.0, "dst_bytes": 0.0, "count": 121.0, "srv_count": 19.0, "serror_rate": 0.0, "srv_serror_rate": 0.0, "same_srv_rate": 0.16}, "result": "ATTACK"}
{"timestamp": "2026-04-14 14:36:57", "data_input": {"duration": 0.0, "protocol_type": 1, "service": 2, "src_bytes": 0.0, "dst_bytes": 0.0, "count": 166.0, "srv_count": 9.0, "serror_rate": 1.0, "srv_serror_rate": 1.0, "same_srv_rate": 0.05}, "result": "ATTACK"}
{"timestamp": "2026-04-14 14:36:57", "data_input": {"duration": 0.0, "protocol_type": 1, "service": 2, "src_bytes": 0.0, "dst_bytes": 0.0, "count": 117.0, "srv_count": 16.0, "serror_rate": 1.0, "srv_serror_rate": 1.0, "same_srv_rate": 0.14}, "result": "ATTACK"}
{"timestamp": "2026-04-14 14:36:57", "data_input": {"duration": 0.0, "protocol_type": 1, "service": 1, "src_bytes": 0.0, "dst_bytes": 0.0, "count": 270.0, "srv_count": 23.0, "serror_rate": 1.0, "srv_serror_rate": 1.0, "same_srv_rate": 0.09}, "result": "ATTACK"}
{"timestamp": "2026-04-14 14:36:57", "data_input": {"duration": 0.0, "protocol_type": 1, "service": 2, "src_bytes": 0.0, "dst_bytes": 0.0, "count": 133.0, "srv_count": 8.0, "serror_rate": 1.0, "srv_serror_rate": 1.0, "same_srv_rate": 0.06}, "result": "ATTACK"}
{"timestamp": "2026-04-14 14:36:57", "data_input": {"duration": 0.0, "protocol_type": 1, "service": 2, "src_bytes": 0.0, "dst_bytes": 0.0, "count": 205.0, "srv_count": 12.0, "serror_rate": 0.0, "srv_serror_rate": 0.0, "same_srv_rate": 0.06}, "result": "ATTACK"}
{"timestamp": "2026-04-14 14:36:57", "data_input": {"duration": 0.0, "protocol_type": 1, "service": 2, "src_bytes": 0.0, "dst_bytes": 0.0, "count": 199.0, "srv_count": 3.0, "serror_rate": 1.0, "srv_serror_rate": 1.0, "same_srv_rate": 0.02}, "result": "ATTACK"}
{"timestamp": "2026-04-14 14:36:57", "data_input": {"duration": 0.0, "protocol_type": 1, "service": 1, "src_bytes": 287.0, "dst_bytes": 2251.0, "count": 3.0, "srv_count": 7.0, "serror_rate": 0.0, "srv_serror_rate": 0.0, "same_srv_rate": 1.0}, "result": "NORMAL"}
{"timestamp": "2026-04-14 14:36:57", "data_input": {"duration": 0.0, "protocol_type": 1, "service": 3, "src_bytes": 334.0, "dst_bytes": 0.0, "count": 2.0, "srv_count": 2.0, "serror_rate": 0.0, "srv_serror_rate": 0.0, "same_srv_rate": 1.0}, "result": "ATTACK"}
{"timestamp": "2026-04-14 14:36:57", "data_input": {"duration": 0.0, "protocol_type": 1, "service": 1, "src_bytes": 0.0, "dst_bytes": 0.0, "count": 233.0, "srv_count": 1.0, "serror_rate": 1.0, "srv_serror_rate": 1.0, "same_srv_rate": 0.0}, "result": "ATTACK"}
{"timestamp": "2026-04-14 14:36:57", "data_input": {"duration": 0.0, "protocol_type": 1, "service": 1, "src_bytes": 0.0, "dst_bytes": 0.0, "count": 96.0, "srv_count": 16.0, "serror_rate": 1.0, "srv_serror_rate": 1.0, "same_srv_rate": 0.17}, "result": "ATTACK"}
{"timestamp": "2026-04-14 14:36:57", "data_input": {"duration": 0.0, "protocol_type": 1, "service": 1, "src_bytes": 300.0, "dst_bytes": 13788.0, "count": 8.0, "srv_count": 9.0, "serror_rate": 0.0, "srv_serror_rate": 0.11, "same_srv_rate": 1.0}, "result": "NORMAL"}
{"timestamp": "2026-04-14 14:36:57", "data_input": {"duration": 0.0, "protocol_type": 0, "service": 1, "src_bytes": 18.0, "dst_bytes": 0.0, "count": 1.0, "srv_count": 1.0, "serror_rate": 0.0, "srv_serror_rate": 0.0, "same_srv_rate": 1.0}, "result": "ATTACK"}
{"timestamp": "2026-04-14 14:36:57", "data_input": {"duration": 0.0, "protocol_type": 1, "service": 1, "src_bytes": 233.0, "dst_bytes": 616.0, "count": 3.0, "srv_count": 3.0, "serror_rate": 0.0, "srv_serror_rate": 0.0, "same_srv_rate": 1.0}, "result": "NORMAL"}
{"timestamp": "2026-04-14 14:36:57", "data_input": {"duration": 0.0, "protocol_type": 1, "service": 1, "src_bytes": 343.0, "dst_bytes": 1178.0, "count": 9.0, "srv_count": 10.0, "serror_rate": 0.0, "srv_serror_rate": 0.0, "same_srv_rate": 1.0}, "result": "NORMAL"}
{"timestamp": "2026-04-14 14:37:29", "data_input": {"duration": 667, "protocol_type": 1, "service": 0, "src_bytes": 4893, "dst_bytes": 1850, "count": 3, "srv_count": 11, "serror_rate": 0.2956794579096911, "srv_serror_rate": 0.2823213479014771, "same_srv_rate": 0.9366530193759411}, "result": "NORMAL"}
{"timestamp": "2026-04-14 14:37:29", "data_input": {"duration": 327, "protocol_type": 0, "service": 2, "src_bytes": 2649, "dst_bytes": 1544, "count": 91, "srv_count": 25, "serror_rate": 0.6520183733249084, "srv_serror_rate": 0.28247832264694495, "same_srv_rate": 0.4563886145992342}, "result": "NORMAL"}
{"timestamp": "2026-04-14 14:37:30", "data_input": {"duration": 828, "protocol_type": 2, "service": 2, "src_bytes": 545, "dst_bytes": 845, "count": 95, "srv_count": 34, "serror_rate": 0.34519561117652076, "srv_serror_rate": 0.8239756305953223, "same_srv_rate": 0.0416092072395543}, "result": "NORMAL"}
{"timestamp": "2026-04-14 14:37:30", "data_input": {"duration": 588, "protocol_type": 1, "service": 2, "src_bytes": 3959, "dst_bytes": 2564, "count": 47, "srv_count": 49, "serror_rate": 0.6206307669214565, "srv_serror_rate": 0.4592385446885966, "same_srv_rate": 0.2829815941842935}, "result": "NORMAL"}
{"timestamp": "2026-04-14 14:37:31", "data_input": {"duration": 931, "protocol_type": 2, "service": 0, "src_bytes": 1658, "dst_bytes": 2977, "count": 6, "srv_count": 49, "serror_rate": 0.5185513447139664, "srv_serror_rate": 0.8796810614158618, "same_srv_rate": 0.153293733362164}, "result": "NORMAL"}
{"timestamp": "2026-04-14 14:37:31", "data_input": {"duration": 762, "protocol_type": 2, "service": 2, "src_bytes": 176, "dst_bytes": 2288, "count": 54, "srv_count": 47, "serror_rate": 0.5212279550791307, "srv_serror_rate": 0.14800476631380843, "same_srv_rate": 0.5028276440095477}, "result": "NORMAL"}
{"timestamp": "2026-04-14 14:37:32", "data_input": {"duration": 719, "protocol_type": 1, "service": 3, "src_bytes": 1006, "dst_bytes": 1430, "count": 7, "srv_count": 35, "serror_rate": 0.484897883288816, "srv_serror_rate": 0.48982461257700527, "same_srv_rate": 0.1300707211016855}, "result": "NORMAL"}
{"timestamp": "2026-04-14 14:37:32", "data_input": {"duration": 537, "protocol_type": 2, "service": 3, "src_bytes": 2506, "dst_bytes": 1361, "count": 37, "srv_count": 35, "serror_rate": 0.5600860304577164, "srv_serror_rate": 0.7880970760921087, "same_srv_rate": 0.23721498514309447}, "result": "NORMAL"}
{"timestamp": "2026-04-14 14:37:33", "data_input": {"duration": 617, "protocol_type": 1, "service": 3, "src_bytes": 4918, "dst_bytes": 557, "count": 45, "srv_count": 12, "serror_rate": 0.45799147037878896, "srv_serror_rate": 0.5377594378500303, "same_srv_rate": 0.6230102395430583}, "result": "NORMAL"}
{"timestamp": "2026-04-14 14:37:33", "data_input": {"duration": 13, "protocol_type": 1, "service": 2, "src_bytes": 3947, "dst_bytes": 2774, "count": 31, "srv_count": 39, "serror_rate": 0.7487071835272716, "srv_serror_rate": 0.48762786656891466, "same_srv_rate": 0.7130643033859801}, "result": "NORMAL"}
{"timestamp": "2026-04-14 14:37:34", "data_input": {"duration": 962, "protocol_type": 2, "service": 3, "src_bytes": 1183, "dst_bytes": 2399, "count": 56, "srv_count": 6, "serror_rate": 0.23853691205948402, "srv_serror_rate": 0.7781265314552602, "same_srv_rate": 0.7949371059053583}, "result": "NORMAL"}
{"timestamp": "2026-04-14 14:37:35", "data_input": {"duration": 472, "protocol_type": 0, "service": 3, "src_bytes": 724, "dst_bytes": 1889, "count": 24, "srv_count": 7, "serror_rate": 0.854568066988672, "srv_serror_rate": 0.4518266535910813, "same_srv_rate": 0.39234137129329083}, "result": "NORMAL"}
{"timestamp": "2026-04-14 14:37:35", "data_input": {"duration": 363, "protocol_type": 0, "service": 1, "src_bytes": 3049, "dst_bytes": 1294, "count": 30, "srv_count": 45, "serror_rate": 0.3467456959605407, "srv_serror_rate": 0.622707017703595, "same_srv_rate": 0.8926617666458693}, "result": "NORMAL"}
{"timestamp": "2026-04-14 14:37:36", "data_input": {"duration": 116, "protocol_type": 0, "service": 3, "src_bytes": 4458, "dst_bytes": 2089, "count": 97, "srv_count": 4, "serror_rate": 0.8596773193294038, "srv_serror_rate": 0.8437509495773239, "same_srv_rate": 0.054628694930327626}, "result": "NORMAL"}
{"timestamp": "2026-04-14 14:37:36", "data_input": {"duration": 759, "protocol_type": 0, "service": 0, "src_bytes": 4187, "dst_bytes": 2593, "count": 56, "srv_count": 38, "serror_rate": 0.525207233622025, "srv_serror_rate": 0.6626395292578392, "same_srv_rate": 0.1916271592974348}, "result": "NORMAL"}
